2017-04-26 15:43:02,272 [INFO] from play.api.Play in ForkJoinPool-3-worker-1 - Application started (Dev)
2017-04-26 15:46:24,839 [WARN] from application in application-akka.actor.default-dispatcher-9 - application.conf @ file:/Users/toshitpanigrahi/testing_play/streammonitor/target/scala-2.11/classes/application.conf: 6: user is deprecated, use username instead
2017-04-26 15:46:24,848 [INFO] from application in application-akka.actor.default-dispatcher-9 - Creating Pool for datasource 'default'
2017-04-26 15:46:25,279 [INFO] from play.api.db.DefaultDBApi in application-akka.actor.default-dispatcher-9 - Database [default] connected at jdbc:mysql://localhost/stream_monitor?characterEncoding=UTF-8
2017-04-26 15:46:25,332 [INFO] from play.api.Play in application-akka.actor.default-dispatcher-9 - Application started (Dev)
2017-04-26 15:58:14,915 [INFO] from application in application-akka.actor.default-dispatcher-4 - Shutting down connection pool.
2017-04-26 15:58:15,025 [WARN] from application in application-akka.actor.default-dispatcher-4 - application.conf @ file:/Users/toshitpanigrahi/testing_play/streammonitor/target/scala-2.11/classes/application.conf: 6: user is deprecated, use username instead
2017-04-26 15:58:15,025 [INFO] from application in application-akka.actor.default-dispatcher-4 - Creating Pool for datasource 'default'
2017-04-26 15:58:15,044 [INFO] from play.api.db.DefaultDBApi in application-akka.actor.default-dispatcher-4 - Database [default] connected at jdbc:mysql://localhost/stream_monitor?characterEncoding=UTF-8
2017-04-26 15:58:15,109 [INFO] from play.api.Play in application-akka.actor.default-dispatcher-4 - Application started (Dev)
2017-04-26 16:24:58,081 [WARN] from com.zaxxer.hikari.pool.HikariPool in HikariPool-2 housekeeper - HikariPool-2 - Thread starvation or clock leap detected (housekeeper delta=1m12s783ms).
2017-04-26 16:31:28,909 [WARN] from com.zaxxer.hikari.pool.HikariPool in HikariPool-2 housekeeper - HikariPool-2 - Thread starvation or clock leap detected (housekeeper delta=6m819ms).
2017-04-26 16:43:22,064 [WARN] from com.zaxxer.hikari.pool.HikariPool in HikariPool-2 housekeeper - HikariPool-2 - Thread starvation or clock leap detected (housekeeper delta=11m53s155ms).
2017-04-26 17:19:10,243 [WARN] from com.zaxxer.hikari.pool.HikariPool in HikariPool-2 housekeeper - HikariPool-2 - Thread starvation or clock leap detected (housekeeper delta=35m48s179ms).
2017-04-26 17:39:39,235 [WARN] from com.zaxxer.hikari.pool.HikariPool in HikariPool-2 housekeeper - HikariPool-2 - Thread starvation or clock leap detected (housekeeper delta=20m28s992ms).
2017-04-26 17:51:24,594 [WARN] from com.zaxxer.hikari.pool.HikariPool in HikariPool-2 housekeeper - HikariPool-2 - Thread starvation or clock leap detected (housekeeper delta=11m15s359ms).
2017-04-26 17:52:39,372 [WARN] from com.zaxxer.hikari.pool.HikariPool in HikariPool-2 housekeeper - HikariPool-2 - Thread starvation or clock leap detected (housekeeper delta=1m14s778ms).
2017-04-26 17:59:29,792 [WARN] from com.zaxxer.hikari.pool.HikariPool in HikariPool-2 housekeeper - HikariPool-2 - Thread starvation or clock leap detected (housekeeper delta=6m20s411ms).
2017-04-26 18:19:13,058 [WARN] from com.zaxxer.hikari.pool.HikariPool in HikariPool-2 housekeeper - HikariPool-2 - Thread starvation or clock leap detected (housekeeper delta=19m43s266ms).
2017-04-26 18:19:23,297 [INFO] from application in application-akka.actor.default-dispatcher-10 - Shutting down connection pool.
2017-04-26 18:19:23,408 [WARN] from application in application-akka.actor.default-dispatcher-10 - application.conf @ file:/Users/toshitpanigrahi/testing_play/streammonitor/target/scala-2.11/classes/application.conf: 6: user is deprecated, use username instead
2017-04-26 18:19:23,408 [INFO] from application in application-akka.actor.default-dispatcher-10 - Creating Pool for datasource 'default'
2017-04-26 18:19:23,425 [INFO] from play.api.db.DefaultDBApi in application-akka.actor.default-dispatcher-10 - Database [default] connected at jdbc:mysql://localhost/stream_monitor?characterEncoding=UTF-8
2017-04-26 18:19:23,504 [INFO] from play.api.Play in application-akka.actor.default-dispatcher-10 - Application started (Dev)
2017-04-26 18:59:37,084 [WARN] from com.zaxxer.hikari.pool.HikariPool in HikariPool-3 housekeeper - HikariPool-3 - Thread starvation or clock leap detected (housekeeper delta=4m13s311ms).
2017-04-26 19:59:43,592 [WARN] from com.zaxxer.hikari.pool.HikariPool in HikariPool-3 housekeeper - HikariPool-3 - Thread starvation or clock leap detected (housekeeper delta=33m6s341ms).
2017-04-26 20:26:47,508 [WARN] from com.zaxxer.hikari.pool.HikariPool in HikariPool-3 housekeeper - HikariPool-3 - Thread starvation or clock leap detected (housekeeper delta=5m2s801ms).
2017-04-26 20:43:29,655 [WARN] from com.zaxxer.hikari.pool.HikariPool in HikariPool-3 housekeeper - HikariPool-3 - Thread starvation or clock leap detected (housekeeper delta=16m12s145ms).
2017-04-26 21:22:10,737 [WARN] from com.zaxxer.hikari.pool.HikariPool in HikariPool-3 housekeeper - HikariPool-3 - Thread starvation or clock leap detected (housekeeper delta=38m41s82ms).
2017-04-26 21:48:08,287 [WARN] from com.zaxxer.hikari.pool.HikariPool in HikariPool-3 housekeeper - HikariPool-3 - Thread starvation or clock leap detected (housekeeper delta=25m12s736ms).
2017-04-26 22:07:56,775 [WARN] from com.zaxxer.hikari.pool.HikariPool in HikariPool-3 housekeeper - HikariPool-3 - Thread starvation or clock leap detected (housekeeper delta=19m48s488ms).
2017-04-26 22:14:17,103 [WARN] from com.zaxxer.hikari.pool.HikariPool in HikariPool-3 housekeeper - HikariPool-3 - Thread starvation or clock leap detected (housekeeper delta=6m20s328ms).
2017-04-26 22:26:49,670 [WARN] from com.zaxxer.hikari.pool.HikariPool in HikariPool-3 housekeeper - HikariPool-3 - Thread starvation or clock leap detected (housekeeper delta=2m2s497ms).
2017-04-26 23:28:53,062 [WARN] from com.zaxxer.hikari.pool.HikariPool in HikariPool-3 housekeeper - HikariPool-3 - Thread starvation or clock leap detected (housekeeper delta=9m3s70ms).
2017-04-26 23:49:22,486 [WARN] from com.zaxxer.hikari.pool.HikariPool in HikariPool-3 housekeeper - HikariPool-3 - Thread starvation or clock leap detected (housekeeper delta=20m29s424ms).
2017-04-27 02:19:51,014 [WARN] from com.zaxxer.hikari.pool.HikariPool in HikariPool-3 housekeeper - HikariPool-3 - Thread starvation or clock leap detected (housekeeper delta=2h30m28s528ms).
2017-04-27 03:13:55,687 [WARN] from com.zaxxer.hikari.pool.HikariPool in HikariPool-3 housekeeper - HikariPool-3 - Thread starvation or clock leap detected (housekeeper delta=54m4s311ms).
2017-04-27 03:21:37,671 [WARN] from com.zaxxer.hikari.pool.HikariPool in HikariPool-3 housekeeper - HikariPool-3 - Thread starvation or clock leap detected (housekeeper delta=7m11s944ms).
2017-04-27 04:09:10,287 [WARN] from com.zaxxer.hikari.pool.HikariPool in HikariPool-3 housekeeper - HikariPool-3 - Thread starvation or clock leap detected (housekeeper delta=47m2s543ms).
2017-04-27 04:23:58,916 [WARN] from com.zaxxer.hikari.pool.HikariPool in HikariPool-3 housekeeper - HikariPool-3 - Thread starvation or clock leap detected (housekeeper delta=14m18s593ms).
2017-04-27 05:06:52,082 [WARN] from com.zaxxer.hikari.pool.HikariPool in HikariPool-3 housekeeper - HikariPool-3 - Thread starvation or clock leap detected (housekeeper delta=42m23s152ms).
2017-04-27 05:17:56,792 [WARN] from com.zaxxer.hikari.pool.HikariPool in HikariPool-3 housekeeper - HikariPool-3 - Thread starvation or clock leap detected (housekeeper delta=11m4s705ms).
2017-04-27 06:12:20,965 [WARN] from com.zaxxer.hikari.pool.HikariPool in HikariPool-3 housekeeper - HikariPool-3 - Thread starvation or clock leap detected (housekeeper delta=53m24s140ms).
2017-04-27 06:20:43,825 [WARN] from com.zaxxer.hikari.pool.HikariPool in HikariPool-3 housekeeper - HikariPool-3 - Thread starvation or clock leap detected (housekeeper delta=8m22s859ms).
2017-04-27 07:08:57,158 [WARN] from com.zaxxer.hikari.pool.HikariPool in HikariPool-3 housekeeper - HikariPool-3 - Thread starvation or clock leap detected (housekeeper delta=47m43s291ms).
2017-04-27 07:38:20,916 [WARN] from com.zaxxer.hikari.pool.HikariPool in HikariPool-3 housekeeper - HikariPool-3 - Thread starvation or clock leap detected (housekeeper delta=28m53s742ms).
2017-04-27 08:33:50,949 [WARN] from com.zaxxer.hikari.pool.HikariPool in HikariPool-3 housekeeper - HikariPool-3 - Thread starvation or clock leap detected (housekeeper delta=55m17ms).
2017-04-27 08:56:16,484 [WARN] from com.zaxxer.hikari.pool.HikariPool in HikariPool-3 housekeeper - HikariPool-3 - Thread starvation or clock leap detected (housekeeper delta=22m25s533ms).
2017-04-27 09:12:17,591 [WARN] from com.zaxxer.hikari.pool.HikariPool in HikariPool-3 housekeeper - HikariPool-3 - Thread starvation or clock leap detected (housekeeper delta=15m31s91ms).
2017-04-27 09:41:34,328 [WARN] from com.zaxxer.hikari.pool.HikariPool in HikariPool-3 housekeeper - HikariPool-3 - Thread starvation or clock leap detected (housekeeper delta=29m16s735ms).
2017-04-27 10:48:41,785 [WARN] from com.zaxxer.hikari.pool.HikariPool in HikariPool-3 housekeeper - HikariPool-3 - Thread starvation or clock leap detected (housekeeper delta=31m37s266ms).
2017-04-27 11:00:35,295 [WARN] from com.zaxxer.hikari.pool.HikariPool in HikariPool-3 housekeeper - HikariPool-3 - Thread starvation or clock leap detected (housekeeper delta=11m53s510ms).
2017-04-27 11:14:01,300 [WARN] from com.zaxxer.hikari.pool.HikariPool in HikariPool-3 housekeeper - HikariPool-3 - Thread starvation or clock leap detected (housekeeper delta=13m26s5ms).
2017-04-27 11:16:43,330 [WARN] from com.zaxxer.hikari.pool.HikariPool in HikariPool-3 housekeeper - HikariPool-3 - Thread starvation or clock leap detected (housekeeper delta=2m12s23ms).
2017-04-27 11:35:45,215 [WARN] from com.zaxxer.hikari.pool.HikariPool in HikariPool-3 housekeeper - HikariPool-3 - Thread starvation or clock leap detected (housekeeper delta=19m1s885ms).
2017-04-27 12:02:12,086 [WARN] from com.zaxxer.hikari.pool.HikariPool in HikariPool-3 housekeeper - HikariPool-3 - Thread starvation or clock leap detected (housekeeper delta=2m17s525ms).
2017-04-27 12:26:32,438 [WARN] from com.zaxxer.hikari.pool.HikariPool in HikariPool-3 housekeeper - HikariPool-3 - Thread starvation or clock leap detected (housekeeper delta=1m20s223ms).
2017-04-27 12:39:01,307 [WARN] from com.zaxxer.hikari.pool.HikariPool in HikariPool-3 housekeeper - HikariPool-3 - Thread starvation or clock leap detected (housekeeper delta=11m58s863ms).
2017-04-27 13:17:07,161 [WARN] from com.zaxxer.hikari.pool.HikariPool in HikariPool-3 housekeeper - HikariPool-3 - Thread starvation or clock leap detected (housekeeper delta=38m5s855ms).
2017-04-27 13:23:25,153 [WARN] from com.zaxxer.hikari.pool.HikariPool in HikariPool-3 housekeeper - HikariPool-3 - Thread starvation or clock leap detected (housekeeper delta=6m17s992ms).
2017-04-27 13:25:41,033 [WARN] from com.zaxxer.hikari.pool.HikariPool in HikariPool-3 housekeeper - HikariPool-3 - Thread starvation or clock leap detected (housekeeper delta=1m45s880ms).
2017-04-27 13:27:19,030 [WARN] from com.zaxxer.hikari.pool.HikariPool in HikariPool-3 housekeeper - HikariPool-3 - Thread starvation or clock leap detected (housekeeper delta=1m37s997ms).
2017-04-27 13:35:50,475 [ERROR] from application in netty-event-loop-4 - 

! @73o188go2 - Internal server error, for (POST) [/max_threshold/monitor] ->
 
play.sbt.PlayExceptions$CompilationException: Compilation error[';' expected]
	at play.sbt.PlayExceptions$CompilationException$.apply(PlayExceptions.scala:27)
	at play.sbt.PlayExceptions$CompilationException$.apply(PlayExceptions.scala:27)
	at scala.Option.map(Option.scala:145)
	at play.sbt.run.PlayReload$$anonfun$taskFailureHandler$1.apply(PlayReload.scala:49)
	at play.sbt.run.PlayReload$$anonfun$taskFailureHandler$1.apply(PlayReload.scala:44)
	at scala.Option.map(Option.scala:145)
	at play.sbt.run.PlayReload$.taskFailureHandler(PlayReload.scala:44)
	at play.sbt.run.PlayReload$.compileFailure(PlayReload.scala:40)
	at play.sbt.run.PlayReload$$anonfun$compile$1.apply(PlayReload.scala:17)
	at play.sbt.run.PlayReload$$anonfun$compile$1.apply(PlayReload.scala:17)
	at scala.util.Either$LeftProjection.map(Either.scala:377)
	at play.sbt.run.PlayReload$.compile(PlayReload.scala:17)
	at play.sbt.run.PlayRun$$anonfun$playRunTask$1$$anonfun$apply$2$$anonfun$apply$3$$anonfun$2.apply(PlayRun.scala:61)
	at play.sbt.run.PlayRun$$anonfun$playRunTask$1$$anonfun$apply$2$$anonfun$apply$3$$anonfun$2.apply(PlayRun.scala:61)
	at play.runsupport.Reloader$$anonfun$reload$1.apply(Reloader.scala:339)
	at play.runsupport.Reloader$$anon$3.run(Reloader.scala:44)
	at java.security.AccessController.doPrivileged(Native Method)
	at play.runsupport.Reloader$.play$runsupport$Reloader$$withReloaderContextClassLoader(Reloader.scala:40)
	at play.runsupport.Reloader.reload(Reloader.scala:337)
	at play.core.server.DevServerStart$$anonfun$mainDev$1$$anon$1$$anonfun$get$1.apply(DevServerStart.scala:123)
	at play.core.server.DevServerStart$$anonfun$mainDev$1$$anon$1$$anonfun$get$1.apply(DevServerStart.scala:121)
	at scala.concurrent.impl.Future$PromiseCompletingRunnable.liftedTree1$1(Future.scala:24)
	at scala.concurrent.impl.Future$PromiseCompletingRunnable.run(Future.scala:24)
	at akka.dispatch.TaskInvocation.run(AbstractDispatcher.scala:39)
	at akka.dispatch.ForkJoinExecutorConfigurator$AkkaForkJoinTask.exec(AbstractDispatcher.scala:415)
	at scala.concurrent.forkjoin.ForkJoinTask.doExec(ForkJoinTask.java:260)
	at scala.concurrent.forkjoin.ForkJoinPool$WorkQueue.runTask(ForkJoinPool.java:1339)
	at scala.concurrent.forkjoin.ForkJoinPool.runWorker(ForkJoinPool.java:1979)
	at scala.concurrent.forkjoin.ForkJoinWorkerThread.run(ForkJoinWorkerThread.java:107)
2017-04-27 13:47:41,972 [WARN] from com.zaxxer.hikari.pool.HikariPool in HikariPool-3 housekeeper - HikariPool-3 - Thread starvation or clock leap detected (housekeeper delta=1m22s573ms).
2017-04-27 14:18:12,047 [WARN] from com.zaxxer.hikari.pool.HikariPool in HikariPool-3 housekeeper - HikariPool-3 - Thread starvation or clock leap detected (housekeeper delta=24m35ms).
2017-04-27 14:28:24,417 [WARN] from com.zaxxer.hikari.pool.HikariPool in HikariPool-3 housekeeper - HikariPool-3 - Thread starvation or clock leap detected (housekeeper delta=10m12s370ms).
2017-04-27 14:35:38,987 [WARN] from com.zaxxer.hikari.pool.HikariPool in HikariPool-3 housekeeper - HikariPool-3 - Thread starvation or clock leap detected (housekeeper delta=6m44s560ms).
2017-04-27 15:14:17,199 [WARN] from com.zaxxer.hikari.pool.HikariPool in HikariPool-3 housekeeper - HikariPool-3 - Thread starvation or clock leap detected (housekeeper delta=16m6s405ms).
2017-04-27 15:22:10,002 [WARN] from com.zaxxer.hikari.pool.HikariPool in HikariPool-3 housekeeper - HikariPool-3 - Thread starvation or clock leap detected (housekeeper delta=7m22s801ms).
2017-04-27 15:30:05,293 [WARN] from com.zaxxer.hikari.pool.HikariPool in HikariPool-3 housekeeper - HikariPool-3 - Thread starvation or clock leap detected (housekeeper delta=7m55s290ms).
2017-04-27 15:50:34,587 [WARN] from com.zaxxer.hikari.pool.HikariPool in HikariPool-3 housekeeper - HikariPool-3 - Thread starvation or clock leap detected (housekeeper delta=20m29s295ms).
2017-04-27 16:02:11,555 [WARN] from com.zaxxer.hikari.pool.HikariPool in HikariPool-3 housekeeper - HikariPool-3 - Thread starvation or clock leap detected (housekeeper delta=11m36s968ms).
2017-04-27 16:35:51,489 [WARN] from com.zaxxer.hikari.pool.HikariPool in HikariPool-3 housekeeper - HikariPool-3 - Thread starvation or clock leap detected (housekeeper delta=33m39s934ms).
2017-04-27 16:47:11,035 [WARN] from com.zaxxer.hikari.pool.HikariPool in HikariPool-3 housekeeper - HikariPool-3 - Thread starvation or clock leap detected (housekeeper delta=6m49s519ms).
2017-04-27 16:58:08,333 [WARN] from com.zaxxer.hikari.pool.HikariPool in HikariPool-3 housekeeper - HikariPool-3 - Thread starvation or clock leap detected (housekeeper delta=1m27s245ms).
2017-04-27 17:07:16,739 [WARN] from com.zaxxer.hikari.pool.HikariPool in HikariPool-3 housekeeper - HikariPool-3 - Thread starvation or clock leap detected (housekeeper delta=7m8s393ms).
2017-04-27 17:21:49,865 [WARN] from com.zaxxer.hikari.pool.HikariPool in HikariPool-3 housekeeper - HikariPool-3 - Thread starvation or clock leap detected (housekeeper delta=13m33s119ms).
2017-04-27 17:23:36,957 [WARN] from com.zaxxer.hikari.pool.HikariPool in HikariPool-3 housekeeper - HikariPool-3 - Thread starvation or clock leap detected (housekeeper delta=1m47s92ms).
2017-04-27 17:26:58,546 [WARN] from com.zaxxer.hikari.pool.HikariPool in HikariPool-3 housekeeper - HikariPool-3 - Thread starvation or clock leap detected (housekeeper delta=2m21s586ms).
2017-04-27 17:39:26,914 [WARN] from com.zaxxer.hikari.pool.HikariPool in HikariPool-3 housekeeper - HikariPool-3 - Thread starvation or clock leap detected (housekeeper delta=10m27s828ms).
2017-04-27 17:47:42,004 [WARN] from com.zaxxer.hikari.pool.HikariPool in HikariPool-3 housekeeper - HikariPool-3 - Thread starvation or clock leap detected (housekeeper delta=8m15s90ms).
2017-04-27 18:03:42,793 [WARN] from com.zaxxer.hikari.pool.HikariPool in HikariPool-3 housekeeper - HikariPool-3 - Thread starvation or clock leap detected (housekeeper delta=15m30s782ms).
2017-04-27 18:12:29,557 [WARN] from com.zaxxer.hikari.pool.HikariPool in HikariPool-3 housekeeper - HikariPool-3 - Thread starvation or clock leap detected (housekeeper delta=8m46s764ms).
2017-04-27 18:19:15,005 [WARN] from com.zaxxer.hikari.pool.HikariPool in HikariPool-3 housekeeper - HikariPool-3 - Thread starvation or clock leap detected (housekeeper delta=6m45s448ms).
2017-04-27 18:25:52,826 [WARN] from com.zaxxer.hikari.pool.HikariPool in HikariPool-3 housekeeper - HikariPool-3 - Thread starvation or clock leap detected (housekeeper delta=6m7s818ms).
2017-04-27 18:46:40,536 [WARN] from com.zaxxer.hikari.pool.HikariPool in HikariPool-3 housekeeper - HikariPool-3 - Thread starvation or clock leap detected (housekeeper delta=20m47s709ms).
2017-04-27 18:55:48,421 [WARN] from com.zaxxer.hikari.pool.HikariPool in HikariPool-3 housekeeper - HikariPool-3 - Thread starvation or clock leap detected (housekeeper delta=9m7s886ms).
2017-04-27 20:13:35,736 [WARN] from com.zaxxer.hikari.pool.HikariPool in HikariPool-3 housekeeper - HikariPool-3 - Thread starvation or clock leap detected (housekeeper delta=1h10m47s279ms).
2017-04-27 21:07:38,167 [WARN] from com.zaxxer.hikari.pool.HikariPool in HikariPool-3 housekeeper - HikariPool-3 - Thread starvation or clock leap detected (housekeeper delta=54m2s431ms).
2017-04-27 21:13:52,947 [WARN] from com.zaxxer.hikari.pool.HikariPool in HikariPool-3 housekeeper - HikariPool-3 - Thread starvation or clock leap detected (housekeeper delta=5m44s772ms).
2017-04-27 21:54:07,710 [WARN] from com.zaxxer.hikari.pool.HikariPool in HikariPool-3 housekeeper - HikariPool-3 - Thread starvation or clock leap detected (housekeeper delta=40m14s763ms).
2017-04-27 22:09:48,008 [WARN] from com.zaxxer.hikari.pool.HikariPool in HikariPool-3 housekeeper - HikariPool-3 - Thread starvation or clock leap detected (housekeeper delta=15m40s298ms).
2017-04-27 22:22:05,649 [WARN] from com.zaxxer.hikari.pool.HikariPool in HikariPool-3 housekeeper - HikariPool-3 - Thread starvation or clock leap detected (housekeeper delta=11m46s843ms).
2017-04-27 22:31:10,745 [WARN] from com.zaxxer.hikari.pool.HikariPool in HikariPool-3 housekeeper - HikariPool-3 - Thread starvation or clock leap detected (housekeeper delta=8m35s89ms).
2017-04-27 22:41:49,036 [WARN] from com.zaxxer.hikari.pool.HikariPool in HikariPool-3 housekeeper - HikariPool-3 - Thread starvation or clock leap detected (housekeeper delta=10m38s291ms).
2017-04-27 22:49:59,012 [WARN] from com.zaxxer.hikari.pool.HikariPool in HikariPool-3 housekeeper - HikariPool-3 - Thread starvation or clock leap detected (housekeeper delta=3m9s939ms).
2017-04-27 23:18:19,222 [WARN] from com.zaxxer.hikari.pool.HikariPool in HikariPool-3 housekeeper - HikariPool-3 - Thread starvation or clock leap detected (housekeeper delta=1m50s42ms).
2017-04-28 00:12:43,006 [WARN] from com.zaxxer.hikari.pool.HikariPool in HikariPool-3 housekeeper - HikariPool-3 - Thread starvation or clock leap detected (housekeeper delta=50m53s765ms).
2017-04-28 01:07:05,102 [WARN] from com.zaxxer.hikari.pool.HikariPool in HikariPool-3 housekeeper - HikariPool-3 - Thread starvation or clock leap detected (housekeeper delta=54m22s96ms).
2017-04-28 02:22:21,095 [WARN] from com.zaxxer.hikari.pool.HikariPool in HikariPool-3 housekeeper - HikariPool-3 - Thread starvation or clock leap detected (housekeeper delta=1h15m15s993ms).
2017-04-28 03:16:25,399 [WARN] from com.zaxxer.hikari.pool.HikariPool in HikariPool-3 housekeeper - HikariPool-3 - Thread starvation or clock leap detected (housekeeper delta=54m4s154ms).
2017-04-28 03:24:20,755 [WARN] from com.zaxxer.hikari.pool.HikariPool in HikariPool-3 housekeeper - HikariPool-3 - Thread starvation or clock leap detected (housekeeper delta=7m25s310ms).
2017-04-28 04:13:13,308 [WARN] from com.zaxxer.hikari.pool.HikariPool in HikariPool-3 housekeeper - HikariPool-3 - Thread starvation or clock leap detected (housekeeper delta=48m22s497ms).
2017-04-28 04:42:40,489 [WARN] from com.zaxxer.hikari.pool.HikariPool in HikariPool-3 housekeeper - HikariPool-3 - Thread starvation or clock leap detected (housekeeper delta=28m57s163ms).
2017-04-28 05:38:33,609 [WARN] from com.zaxxer.hikari.pool.HikariPool in HikariPool-3 housekeeper - HikariPool-3 - Thread starvation or clock leap detected (housekeeper delta=55m23s100ms).
2017-04-28 05:45:28,715 [WARN] from com.zaxxer.hikari.pool.HikariPool in HikariPool-3 housekeeper - HikariPool-3 - Thread starvation or clock leap detected (housekeeper delta=6m55s113ms).
2017-04-28 06:01:27,420 [WARN] from com.zaxxer.hikari.pool.HikariPool in HikariPool-3 housekeeper - HikariPool-3 - Thread starvation or clock leap detected (housekeeper delta=15m28s693ms).
2017-04-28 06:35:04,961 [WARN] from com.zaxxer.hikari.pool.HikariPool in HikariPool-3 housekeeper - HikariPool-3 - Thread starvation or clock leap detected (housekeeper delta=33m37s535ms).
2017-04-28 07:08:45,835 [WARN] from com.zaxxer.hikari.pool.HikariPool in HikariPool-3 housekeeper - HikariPool-3 - Thread starvation or clock leap detected (housekeeper delta=33m40s877ms).
2017-04-28 07:24:44,461 [WARN] from com.zaxxer.hikari.pool.HikariPool in HikariPool-3 housekeeper - HikariPool-3 - Thread starvation or clock leap detected (housekeeper delta=15m28s621ms).
2017-04-28 08:04:47,417 [WARN] from com.zaxxer.hikari.pool.HikariPool in HikariPool-3 housekeeper - HikariPool-3 - Thread starvation or clock leap detected (housekeeper delta=40m2s953ms).
2017-04-28 08:26:07,308 [WARN] from com.zaxxer.hikari.pool.HikariPool in HikariPool-3 housekeeper - HikariPool-3 - Thread starvation or clock leap detected (housekeeper delta=21m19s651ms).
2017-04-28 08:42:05,732 [WARN] from com.zaxxer.hikari.pool.HikariPool in HikariPool-3 housekeeper - HikariPool-3 - Thread starvation or clock leap detected (housekeeper delta=15m28s321ms).
2017-04-28 09:12:29,379 [WARN] from com.zaxxer.hikari.pool.HikariPool in HikariPool-3 housekeeper - HikariPool-3 - Thread starvation or clock leap detected (housekeeper delta=30m23s646ms).
2017-04-28 09:52:30,953 [WARN] from com.zaxxer.hikari.pool.HikariPool in HikariPool-3 housekeeper - HikariPool-3 - Thread starvation or clock leap detected (housekeeper delta=39m31s551ms).
2017-04-28 10:04:42,290 [WARN] from com.zaxxer.hikari.pool.HikariPool in HikariPool-3 housekeeper - HikariPool-3 - Thread starvation or clock leap detected (housekeeper delta=11m41s302ms).
2017-04-28 10:20:14,005 [WARN] from com.zaxxer.hikari.pool.HikariPool in HikariPool-3 housekeeper - HikariPool-3 - Thread starvation or clock leap detected (housekeeper delta=15m31s715ms).
2017-04-28 10:28:22,958 [WARN] from com.zaxxer.hikari.pool.HikariPool in HikariPool-3 housekeeper - HikariPool-3 - Thread starvation or clock leap detected (housekeeper delta=8m8s950ms).
2017-04-28 11:01:41,336 [WARN] from com.zaxxer.hikari.pool.HikariPool in HikariPool-3 housekeeper - HikariPool-3 - Thread starvation or clock leap detected (housekeeper delta=32m48s361ms).
2017-04-28 11:15:06,382 [WARN] from com.zaxxer.hikari.pool.HikariPool in HikariPool-3 housekeeper - HikariPool-3 - Thread starvation or clock leap detected (housekeeper delta=12m25s36ms).
2017-04-28 11:18:06,452 [WARN] from com.zaxxer.hikari.pool.HikariPool in HikariPool-3 housekeeper - HikariPool-3 - Thread starvation or clock leap detected (housekeeper delta=3m71ms).
2017-04-28 11:21:45,332 [WARN] from com.zaxxer.hikari.pool.HikariPool in HikariPool-3 housekeeper - HikariPool-3 - Thread starvation or clock leap detected (housekeeper delta=3m8s876ms).
2017-04-28 11:24:11,399 [WARN] from com.zaxxer.hikari.pool.HikariPool in HikariPool-3 housekeeper - HikariPool-3 - Thread starvation or clock leap detected (housekeeper delta=2m26s67ms).
2017-04-28 11:35:38,513 [WARN] from com.zaxxer.hikari.pool.HikariPool in HikariPool-3 housekeeper - HikariPool-3 - Thread starvation or clock leap detected (housekeeper delta=11m27s114ms).
2017-04-28 11:57:34,574 [WARN] from com.zaxxer.hikari.pool.HikariPool in HikariPool-3 housekeeper - HikariPool-3 - Thread starvation or clock leap detected (housekeeper delta=21m56s60ms).
2017-04-28 12:12:21,626 [WARN] from com.zaxxer.hikari.pool.HikariPool in HikariPool-3 housekeeper - HikariPool-3 - Thread starvation or clock leap detected (housekeeper delta=14m47s52ms).
2017-04-28 12:47:20,643 [WARN] from com.zaxxer.hikari.pool.HikariPool in HikariPool-3 housekeeper - HikariPool-3 - Thread starvation or clock leap detected (housekeeper delta=34m59s18ms).
2017-04-28 14:35:53,167 [WARN] from com.zaxxer.hikari.pool.HikariPool in HikariPool-3 housekeeper - HikariPool-3 - Thread starvation or clock leap detected (housekeeper delta=1h34m2s429ms).
2017-04-28 14:38:36,320 [ERROR] from application in netty-event-loop-4 - 

! @73o8ngib9 - Internal server error, for (POST) [/max_threshold/monitor] ->
 
play.sbt.PlayExceptions$CompilationException: Compilation error[';' expected]
	at play.sbt.PlayExceptions$CompilationException$.apply(PlayExceptions.scala:27)
	at play.sbt.PlayExceptions$CompilationException$.apply(PlayExceptions.scala:27)
	at scala.Option.map(Option.scala:145)
	at play.sbt.run.PlayReload$$anonfun$taskFailureHandler$1.apply(PlayReload.scala:49)
	at play.sbt.run.PlayReload$$anonfun$taskFailureHandler$1.apply(PlayReload.scala:44)
	at scala.Option.map(Option.scala:145)
	at play.sbt.run.PlayReload$.taskFailureHandler(PlayReload.scala:44)
	at play.sbt.run.PlayReload$.compileFailure(PlayReload.scala:40)
	at play.sbt.run.PlayReload$$anonfun$compile$1.apply(PlayReload.scala:17)
	at play.sbt.run.PlayReload$$anonfun$compile$1.apply(PlayReload.scala:17)
	at scala.util.Either$LeftProjection.map(Either.scala:377)
	at play.sbt.run.PlayReload$.compile(PlayReload.scala:17)
	at play.sbt.run.PlayRun$$anonfun$playRunTask$1$$anonfun$apply$2$$anonfun$apply$3$$anonfun$2.apply(PlayRun.scala:61)
	at play.sbt.run.PlayRun$$anonfun$playRunTask$1$$anonfun$apply$2$$anonfun$apply$3$$anonfun$2.apply(PlayRun.scala:61)
	at play.runsupport.Reloader$$anonfun$reload$1.apply(Reloader.scala:339)
	at play.runsupport.Reloader$$anon$3.run(Reloader.scala:44)
	at java.security.AccessController.doPrivileged(Native Method)
	at play.runsupport.Reloader$.play$runsupport$Reloader$$withReloaderContextClassLoader(Reloader.scala:40)
	at play.runsupport.Reloader.reload(Reloader.scala:337)
	at play.core.server.DevServerStart$$anonfun$mainDev$1$$anon$1$$anonfun$get$1.apply(DevServerStart.scala:123)
	at play.core.server.DevServerStart$$anonfun$mainDev$1$$anon$1$$anonfun$get$1.apply(DevServerStart.scala:121)
	at scala.concurrent.impl.Future$PromiseCompletingRunnable.liftedTree1$1(Future.scala:24)
	at scala.concurrent.impl.Future$PromiseCompletingRunnable.run(Future.scala:24)
	at akka.dispatch.TaskInvocation.run(AbstractDispatcher.scala:39)
	at akka.dispatch.ForkJoinExecutorConfigurator$AkkaForkJoinTask.exec(AbstractDispatcher.scala:415)
	at scala.concurrent.forkjoin.ForkJoinTask.doExec(ForkJoinTask.java:260)
	at scala.concurrent.forkjoin.ForkJoinPool$WorkQueue.runTask(ForkJoinPool.java:1339)
	at scala.concurrent.forkjoin.ForkJoinPool.runWorker(ForkJoinPool.java:1979)
	at scala.concurrent.forkjoin.ForkJoinWorkerThread.run(ForkJoinWorkerThread.java:107)
2017-04-28 14:38:38,169 [ERROR] from application in netty-event-loop-4 - 

! @73o8ngl4e - Internal server error, for (POST) [/max_threshold/monitor] ->
 
play.sbt.PlayExceptions$CompilationException: Compilation error[';' expected]
	at play.sbt.PlayExceptions$CompilationException$.apply(PlayExceptions.scala:27)
	at play.sbt.PlayExceptions$CompilationException$.apply(PlayExceptions.scala:27)
	at scala.Option.map(Option.scala:145)
	at play.sbt.run.PlayReload$$anonfun$taskFailureHandler$1.apply(PlayReload.scala:49)
	at play.sbt.run.PlayReload$$anonfun$taskFailureHandler$1.apply(PlayReload.scala:44)
	at scala.Option.map(Option.scala:145)
	at play.sbt.run.PlayReload$.taskFailureHandler(PlayReload.scala:44)
	at play.sbt.run.PlayReload$.compileFailure(PlayReload.scala:40)
	at play.sbt.run.PlayReload$$anonfun$compile$1.apply(PlayReload.scala:17)
	at play.sbt.run.PlayReload$$anonfun$compile$1.apply(PlayReload.scala:17)
	at scala.util.Either$LeftProjection.map(Either.scala:377)
	at play.sbt.run.PlayReload$.compile(PlayReload.scala:17)
	at play.sbt.run.PlayRun$$anonfun$playRunTask$1$$anonfun$apply$2$$anonfun$apply$3$$anonfun$2.apply(PlayRun.scala:61)
	at play.sbt.run.PlayRun$$anonfun$playRunTask$1$$anonfun$apply$2$$anonfun$apply$3$$anonfun$2.apply(PlayRun.scala:61)
	at play.runsupport.Reloader$$anonfun$reload$1.apply(Reloader.scala:339)
	at play.runsupport.Reloader$$anon$3.run(Reloader.scala:44)
	at java.security.AccessController.doPrivileged(Native Method)
	at play.runsupport.Reloader$.play$runsupport$Reloader$$withReloaderContextClassLoader(Reloader.scala:40)
	at play.runsupport.Reloader.reload(Reloader.scala:337)
	at play.core.server.DevServerStart$$anonfun$mainDev$1$$anon$1$$anonfun$get$1.apply(DevServerStart.scala:123)
	at play.core.server.DevServerStart$$anonfun$mainDev$1$$anon$1$$anonfun$get$1.apply(DevServerStart.scala:121)
	at scala.concurrent.impl.Future$PromiseCompletingRunnable.liftedTree1$1(Future.scala:24)
	at scala.concurrent.impl.Future$PromiseCompletingRunnable.run(Future.scala:24)
	at akka.dispatch.TaskInvocation.run(AbstractDispatcher.scala:39)
	at akka.dispatch.ForkJoinExecutorConfigurator$AkkaForkJoinTask.exec(AbstractDispatcher.scala:415)
	at scala.concurrent.forkjoin.ForkJoinTask.doExec(ForkJoinTask.java:260)
	at scala.concurrent.forkjoin.ForkJoinPool$WorkQueue.runTask(ForkJoinPool.java:1339)
	at scala.concurrent.forkjoin.ForkJoinPool.runWorker(ForkJoinPool.java:1979)
	at scala.concurrent.forkjoin.ForkJoinWorkerThread.run(ForkJoinWorkerThread.java:107)
2017-04-28 14:50:39,621 [WARN] from com.zaxxer.hikari.pool.HikariPool in HikariPool-3 housekeeper - HikariPool-3 - Thread starvation or clock leap detected (housekeeper delta=46s380ms).
2017-04-28 15:10:11,116 [WARN] from com.zaxxer.hikari.pool.HikariPool in HikariPool-3 housekeeper - HikariPool-3 - Thread starvation or clock leap detected (housekeeper delta=4m1s398ms).
2017-04-28 15:22:59,518 [WARN] from com.zaxxer.hikari.pool.HikariPool in HikariPool-3 housekeeper - HikariPool-3 - Thread starvation or clock leap detected (housekeeper delta=12m48s403ms).
2017-04-28 15:25:13,588 [WARN] from com.zaxxer.hikari.pool.HikariPool in HikariPool-3 housekeeper - HikariPool-3 - Thread starvation or clock leap detected (housekeeper delta=2m14s69ms).
2017-04-28 15:27:55,754 [WARN] from com.zaxxer.hikari.pool.HikariPool in HikariPool-3 housekeeper - HikariPool-3 - Thread starvation or clock leap detected (housekeeper delta=2m12s157ms).
2017-04-28 15:48:24,869 [WARN] from com.zaxxer.hikari.pool.HikariPool in HikariPool-3 housekeeper - HikariPool-3 - Thread starvation or clock leap detected (housekeeper delta=20m29s116ms).
2017-04-28 16:15:32,913 [WARN] from com.zaxxer.hikari.pool.HikariPool in HikariPool-3 housekeeper - HikariPool-3 - Thread starvation or clock leap detected (housekeeper delta=27m8s44ms).
2017-04-28 16:37:04,131 [WARN] from com.zaxxer.hikari.pool.HikariPool in HikariPool-3 housekeeper - HikariPool-3 - Thread starvation or clock leap detected (housekeeper delta=21m31s218ms).
2017-04-28 16:42:55,309 [WARN] from com.zaxxer.hikari.pool.HikariPool in HikariPool-3 housekeeper - HikariPool-3 - Thread starvation or clock leap detected (housekeeper delta=5m51s178ms).
2017-04-28 16:53:50,615 [WARN] from com.zaxxer.hikari.pool.HikariPool in HikariPool-3 housekeeper - HikariPool-3 - Thread starvation or clock leap detected (housekeeper delta=10m55s306ms).
2017-04-28 17:12:29,892 [WARN] from com.zaxxer.hikari.pool.HikariPool in HikariPool-3 housekeeper - HikariPool-3 - Thread starvation or clock leap detected (housekeeper delta=16m39s274ms).
2017-04-28 17:48:29,100 [WARN] from com.zaxxer.hikari.pool.HikariPool in HikariPool-3 housekeeper - HikariPool-3 - Thread starvation or clock leap detected (housekeeper delta=35m59s208ms).
2017-04-28 18:42:36,161 [WARN] from com.zaxxer.hikari.pool.HikariPool in HikariPool-3 housekeeper - HikariPool-3 - Thread starvation or clock leap detected (housekeeper delta=54m7s61ms).
2017-04-28 19:15:32,010 [WARN] from com.zaxxer.hikari.pool.HikariPool in HikariPool-3 housekeeper - HikariPool-3 - Thread starvation or clock leap detected (housekeeper delta=32m55s849ms).
2017-04-28 20:17:32,988 [WARN] from com.zaxxer.hikari.pool.HikariPool in HikariPool-3 housekeeper - HikariPool-3 - Thread starvation or clock leap detected (housekeeper delta=1h2m978ms).
2017-04-28 20:57:24,471 [WARN] from com.zaxxer.hikari.pool.HikariPool in HikariPool-3 housekeeper - HikariPool-3 - Thread starvation or clock leap detected (housekeeper delta=39m21s478ms).
2017-04-28 20:59:15,578 [WARN] from com.zaxxer.hikari.pool.HikariPool in HikariPool-3 housekeeper - HikariPool-3 - Thread starvation or clock leap detected (housekeeper delta=1m51s107ms).
2017-04-28 21:33:28,833 [WARN] from com.zaxxer.hikari.pool.HikariPool in HikariPool-3 housekeeper - HikariPool-3 - Thread starvation or clock leap detected (housekeeper delta=34m13s255ms).
2017-04-28 22:02:00,311 [WARN] from com.zaxxer.hikari.pool.HikariPool in HikariPool-3 housekeeper - HikariPool-3 - Thread starvation or clock leap detected (housekeeper delta=1m31s335ms).
2017-04-28 23:56:57,038 [WARN] from com.zaxxer.hikari.pool.HikariPool in HikariPool-3 housekeeper - HikariPool-3 - Thread starvation or clock leap detected (housekeeper delta=47m26s150ms).
2017-04-29 00:59:07,762 [WARN] from com.zaxxer.hikari.pool.HikariPool in HikariPool-3 housekeeper - HikariPool-3 - Thread starvation or clock leap detected (housekeeper delta=1h2m10s724ms).
2017-04-29 01:34:38,957 [WARN] from com.zaxxer.hikari.pool.HikariPool in HikariPool-3 housekeeper - HikariPool-3 - Thread starvation or clock leap detected (housekeeper delta=35m31s195ms).
2017-04-29 03:04:00,509 [WARN] from com.zaxxer.hikari.pool.HikariPool in HikariPool-3 housekeeper - HikariPool-3 - Thread starvation or clock leap detected (housekeeper delta=1h29m21s231ms).
2017-04-29 03:12:08,681 [WARN] from com.zaxxer.hikari.pool.HikariPool in HikariPool-3 housekeeper - HikariPool-3 - Thread starvation or clock leap detected (housekeeper delta=7m38s129ms).
2017-04-29 03:58:58,707 [WARN] from com.zaxxer.hikari.pool.HikariPool in HikariPool-3 housekeeper - HikariPool-3 - Thread starvation or clock leap detected (housekeeper delta=46m20s8ms).
2017-04-29 04:14:35,280 [WARN] from com.zaxxer.hikari.pool.HikariPool in HikariPool-3 housekeeper - HikariPool-3 - Thread starvation or clock leap detected (housekeeper delta=15m36s559ms).
2017-04-29 04:30:34,430 [WARN] from com.zaxxer.hikari.pool.HikariPool in HikariPool-3 housekeeper - HikariPool-3 - Thread starvation or clock leap detected (housekeeper delta=15m29s60ms).
2017-04-29 05:10:35,334 [WARN] from com.zaxxer.hikari.pool.HikariPool in HikariPool-3 housekeeper - HikariPool-3 - Thread starvation or clock leap detected (housekeeper delta=40m903ms).
2017-04-29 05:32:52,862 [WARN] from com.zaxxer.hikari.pool.HikariPool in HikariPool-3 housekeeper - HikariPool-3 - Thread starvation or clock leap detected (housekeeper delta=22m17s523ms).
2017-04-29 06:26:59,901 [WARN] from com.zaxxer.hikari.pool.HikariPool in HikariPool-3 housekeeper - HikariPool-3 - Thread starvation or clock leap detected (housekeeper delta=53m36s995ms).
2017-04-29 06:35:11,248 [WARN] from com.zaxxer.hikari.pool.HikariPool in HikariPool-3 housekeeper - HikariPool-3 - Thread starvation or clock leap detected (housekeeper delta=8m11s350ms).
2017-04-29 06:51:10,391 [WARN] from com.zaxxer.hikari.pool.HikariPool in HikariPool-3 housekeeper - HikariPool-3 - Thread starvation or clock leap detected (housekeeper delta=15m29s136ms).
2017-04-29 07:24:05,847 [WARN] from com.zaxxer.hikari.pool.HikariPool in HikariPool-3 housekeeper - HikariPool-3 - Thread starvation or clock leap detected (housekeeper delta=32m55s455ms).
2017-04-29 07:53:21,560 [WARN] from com.zaxxer.hikari.pool.HikariPool in HikariPool-3 housekeeper - HikariPool-3 - Thread starvation or clock leap detected (housekeeper delta=29m15s707ms).
2017-04-29 08:48:50,640 [WARN] from com.zaxxer.hikari.pool.HikariPool in HikariPool-3 housekeeper - HikariPool-3 - Thread starvation or clock leap detected (housekeeper delta=54m59s54ms).
2017-04-29 09:16:08,260 [WARN] from com.zaxxer.hikari.pool.HikariPool in HikariPool-3 housekeeper - HikariPool-3 - Thread starvation or clock leap detected (housekeeper delta=27m17s494ms).
2017-04-29 09:18:55,271 [WARN] from com.zaxxer.hikari.pool.HikariPool in HikariPool-3 housekeeper - HikariPool-3 - Thread starvation or clock leap detected (housekeeper delta=2m16s968ms).
2017-04-29 09:22:17,562 [WARN] from com.zaxxer.hikari.pool.HikariPool in HikariPool-3 housekeeper - HikariPool-3 - Thread starvation or clock leap detected (housekeeper delta=2m52s278ms).
2017-04-29 09:33:49,415 [WARN] from com.zaxxer.hikari.pool.HikariPool in HikariPool-3 housekeeper - HikariPool-3 - Thread starvation or clock leap detected (housekeeper delta=11m31s853ms).
2017-04-29 09:46:05,510 [WARN] from com.zaxxer.hikari.pool.HikariPool in HikariPool-3 housekeeper - HikariPool-3 - Thread starvation or clock leap detected (housekeeper delta=10m46s86ms).
2017-04-29 09:49:14,877 [WARN] from com.zaxxer.hikari.pool.HikariPool in HikariPool-3 housekeeper - HikariPool-3 - Thread starvation or clock leap detected (housekeeper delta=3m9s367ms).
2017-04-29 10:30:21,157 [WARN] from com.zaxxer.hikari.pool.HikariPool in HikariPool-3 housekeeper - HikariPool-3 - Thread starvation or clock leap detected (housekeeper delta=13m6s98ms).
2017-04-29 10:45:44,006 [WARN] from com.zaxxer.hikari.pool.HikariPool in HikariPool-3 housekeeper - HikariPool-3 - Thread starvation or clock leap detected (housekeeper delta=15m22s849ms).
2017-04-29 10:57:37,530 [WARN] from com.zaxxer.hikari.pool.HikariPool in HikariPool-3 housekeeper - HikariPool-3 - Thread starvation or clock leap detected (housekeeper delta=11m23s515ms).
2017-04-29 11:04:47,169 [ERROR] from application in netty-event-loop-4 - 

! @73of2gf1b - Internal server error, for (POST) [/max_threshold/monitor] ->
 
play.sbt.PlayExceptions$CompilationException: Compilation error[package play.api.libs.ws does not exist]
	at play.sbt.PlayExceptions$CompilationException$.apply(PlayExceptions.scala:27)
	at play.sbt.PlayExceptions$CompilationException$.apply(PlayExceptions.scala:27)
	at scala.Option.map(Option.scala:145)
	at play.sbt.run.PlayReload$$anonfun$taskFailureHandler$1.apply(PlayReload.scala:49)
	at play.sbt.run.PlayReload$$anonfun$taskFailureHandler$1.apply(PlayReload.scala:44)
	at scala.Option.map(Option.scala:145)
	at play.sbt.run.PlayReload$.taskFailureHandler(PlayReload.scala:44)
	at play.sbt.run.PlayReload$.compileFailure(PlayReload.scala:40)
	at play.sbt.run.PlayReload$$anonfun$compile$1.apply(PlayReload.scala:17)
	at play.sbt.run.PlayReload$$anonfun$compile$1.apply(PlayReload.scala:17)
	at scala.util.Either$LeftProjection.map(Either.scala:377)
	at play.sbt.run.PlayReload$.compile(PlayReload.scala:17)
	at play.sbt.run.PlayRun$$anonfun$playRunTask$1$$anonfun$apply$2$$anonfun$apply$3$$anonfun$2.apply(PlayRun.scala:61)
	at play.sbt.run.PlayRun$$anonfun$playRunTask$1$$anonfun$apply$2$$anonfun$apply$3$$anonfun$2.apply(PlayRun.scala:61)
	at play.runsupport.Reloader$$anonfun$reload$1.apply(Reloader.scala:339)
	at play.runsupport.Reloader$$anon$3.run(Reloader.scala:44)
	at java.security.AccessController.doPrivileged(Native Method)
	at play.runsupport.Reloader$.play$runsupport$Reloader$$withReloaderContextClassLoader(Reloader.scala:40)
	at play.runsupport.Reloader.reload(Reloader.scala:337)
	at play.core.server.DevServerStart$$anonfun$mainDev$1$$anon$1$$anonfun$get$1.apply(DevServerStart.scala:123)
	at play.core.server.DevServerStart$$anonfun$mainDev$1$$anon$1$$anonfun$get$1.apply(DevServerStart.scala:121)
	at scala.concurrent.impl.Future$PromiseCompletingRunnable.liftedTree1$1(Future.scala:24)
	at scala.concurrent.impl.Future$PromiseCompletingRunnable.run(Future.scala:24)
	at akka.dispatch.TaskInvocation.run(AbstractDispatcher.scala:39)
	at akka.dispatch.ForkJoinExecutorConfigurator$AkkaForkJoinTask.exec(AbstractDispatcher.scala:415)
	at scala.concurrent.forkjoin.ForkJoinTask.doExec(ForkJoinTask.java:260)
	at scala.concurrent.forkjoin.ForkJoinPool$WorkQueue.runTask(ForkJoinPool.java:1339)
	at scala.concurrent.forkjoin.ForkJoinPool.runWorker(ForkJoinPool.java:1979)
	at scala.concurrent.forkjoin.ForkJoinWorkerThread.run(ForkJoinWorkerThread.java:107)
2017-04-29 11:16:49,024 [ERROR] from application in netty-event-loop-4 - 

! @73of45gn3 - Internal server error, for (POST) [/max_threshold/monitor] ->
 
play.sbt.PlayExceptions$CompilationException: Compilation error[package play.libs.ws does not exist]
	at play.sbt.PlayExceptions$CompilationException$.apply(PlayExceptions.scala:27)
	at play.sbt.PlayExceptions$CompilationException$.apply(PlayExceptions.scala:27)
	at scala.Option.map(Option.scala:145)
	at play.sbt.run.PlayReload$$anonfun$taskFailureHandler$1.apply(PlayReload.scala:49)
	at play.sbt.run.PlayReload$$anonfun$taskFailureHandler$1.apply(PlayReload.scala:44)
	at scala.Option.map(Option.scala:145)
	at play.sbt.run.PlayReload$.taskFailureHandler(PlayReload.scala:44)
	at play.sbt.run.PlayReload$.compileFailure(PlayReload.scala:40)
	at play.sbt.run.PlayReload$$anonfun$compile$1.apply(PlayReload.scala:17)
	at play.sbt.run.PlayReload$$anonfun$compile$1.apply(PlayReload.scala:17)
	at scala.util.Either$LeftProjection.map(Either.scala:377)
	at play.sbt.run.PlayReload$.compile(PlayReload.scala:17)
	at play.sbt.run.PlayRun$$anonfun$playRunTask$1$$anonfun$apply$2$$anonfun$apply$3$$anonfun$2.apply(PlayRun.scala:61)
	at play.sbt.run.PlayRun$$anonfun$playRunTask$1$$anonfun$apply$2$$anonfun$apply$3$$anonfun$2.apply(PlayRun.scala:61)
	at play.runsupport.Reloader$$anonfun$reload$1.apply(Reloader.scala:339)
	at play.runsupport.Reloader$$anon$3.run(Reloader.scala:44)
	at java.security.AccessController.doPrivileged(Native Method)
	at play.runsupport.Reloader$.play$runsupport$Reloader$$withReloaderContextClassLoader(Reloader.scala:40)
	at play.runsupport.Reloader.reload(Reloader.scala:337)
	at play.core.server.DevServerStart$$anonfun$mainDev$1$$anon$1$$anonfun$get$1.apply(DevServerStart.scala:123)
	at play.core.server.DevServerStart$$anonfun$mainDev$1$$anon$1$$anonfun$get$1.apply(DevServerStart.scala:121)
	at scala.concurrent.impl.Future$PromiseCompletingRunnable.liftedTree1$1(Future.scala:24)
	at scala.concurrent.impl.Future$PromiseCompletingRunnable.run(Future.scala:24)
	at akka.dispatch.TaskInvocation.run(AbstractDispatcher.scala:39)
	at akka.dispatch.ForkJoinExecutorConfigurator$AkkaForkJoinTask.exec(AbstractDispatcher.scala:415)
	at scala.concurrent.forkjoin.ForkJoinTask.doExec(ForkJoinTask.java:260)
	at scala.concurrent.forkjoin.ForkJoinPool$WorkQueue.runTask(ForkJoinPool.java:1339)
	at scala.concurrent.forkjoin.ForkJoinPool.runWorker(ForkJoinPool.java:1979)
	at scala.concurrent.forkjoin.ForkJoinWorkerThread.run(ForkJoinWorkerThread.java:107)
2017-04-29 11:17:43,812 [ERROR] from application in netty-event-loop-4 - 

! @73of48jo9 - Internal server error, for (POST) [/max_threshold/monitor] ->
 
play.sbt.PlayExceptions$CompilationException: Compilation error[package play.libs.ws does not exist]
	at play.sbt.PlayExceptions$CompilationException$.apply(PlayExceptions.scala:27)
	at play.sbt.PlayExceptions$CompilationException$.apply(PlayExceptions.scala:27)
	at scala.Option.map(Option.scala:145)
	at play.sbt.run.PlayReload$$anonfun$taskFailureHandler$1.apply(PlayReload.scala:49)
	at play.sbt.run.PlayReload$$anonfun$taskFailureHandler$1.apply(PlayReload.scala:44)
	at scala.Option.map(Option.scala:145)
	at play.sbt.run.PlayReload$.taskFailureHandler(PlayReload.scala:44)
	at play.sbt.run.PlayReload$.compileFailure(PlayReload.scala:40)
	at play.sbt.run.PlayReload$$anonfun$compile$1.apply(PlayReload.scala:17)
	at play.sbt.run.PlayReload$$anonfun$compile$1.apply(PlayReload.scala:17)
	at scala.util.Either$LeftProjection.map(Either.scala:377)
	at play.sbt.run.PlayReload$.compile(PlayReload.scala:17)
	at play.sbt.run.PlayRun$$anonfun$playRunTask$1$$anonfun$apply$2$$anonfun$apply$3$$anonfun$2.apply(PlayRun.scala:61)
	at play.sbt.run.PlayRun$$anonfun$playRunTask$1$$anonfun$apply$2$$anonfun$apply$3$$anonfun$2.apply(PlayRun.scala:61)
	at play.runsupport.Reloader$$anonfun$reload$1.apply(Reloader.scala:339)
	at play.runsupport.Reloader$$anon$3.run(Reloader.scala:44)
	at java.security.AccessController.doPrivileged(Native Method)
	at play.runsupport.Reloader$.play$runsupport$Reloader$$withReloaderContextClassLoader(Reloader.scala:40)
	at play.runsupport.Reloader.reload(Reloader.scala:337)
	at play.core.server.DevServerStart$$anonfun$mainDev$1$$anon$1$$anonfun$get$1.apply(DevServerStart.scala:123)
	at play.core.server.DevServerStart$$anonfun$mainDev$1$$anon$1$$anonfun$get$1.apply(DevServerStart.scala:121)
	at scala.concurrent.impl.Future$PromiseCompletingRunnable.liftedTree1$1(Future.scala:24)
	at scala.concurrent.impl.Future$PromiseCompletingRunnable.run(Future.scala:24)
	at akka.dispatch.TaskInvocation.run(AbstractDispatcher.scala:39)
	at akka.dispatch.ForkJoinExecutorConfigurator$AkkaForkJoinTask.exec(AbstractDispatcher.scala:415)
	at scala.concurrent.forkjoin.ForkJoinTask.doExec(ForkJoinTask.java:260)
	at scala.concurrent.forkjoin.ForkJoinPool$WorkQueue.runTask(ForkJoinPool.java:1339)
	at scala.concurrent.forkjoin.ForkJoinPool.runWorker(ForkJoinPool.java:1979)
	at scala.concurrent.forkjoin.ForkJoinWorkerThread.run(ForkJoinWorkerThread.java:107)
2017-04-29 11:18:25,229 [ERROR] from application in netty-event-loop-4 - 

! @73of4b357 - Internal server error, for (POST) [/max_threshold/monitor] ->
 
play.sbt.PlayExceptions$CompilationException: Compilation error[package play.libs.ws does not exist]
	at play.sbt.PlayExceptions$CompilationException$.apply(PlayExceptions.scala:27)
	at play.sbt.PlayExceptions$CompilationException$.apply(PlayExceptions.scala:27)
	at scala.Option.map(Option.scala:145)
	at play.sbt.run.PlayReload$$anonfun$taskFailureHandler$1.apply(PlayReload.scala:49)
	at play.sbt.run.PlayReload$$anonfun$taskFailureHandler$1.apply(PlayReload.scala:44)
	at scala.Option.map(Option.scala:145)
	at play.sbt.run.PlayReload$.taskFailureHandler(PlayReload.scala:44)
	at play.sbt.run.PlayReload$.compileFailure(PlayReload.scala:40)
	at play.sbt.run.PlayReload$$anonfun$compile$1.apply(PlayReload.scala:17)
	at play.sbt.run.PlayReload$$anonfun$compile$1.apply(PlayReload.scala:17)
	at scala.util.Either$LeftProjection.map(Either.scala:377)
	at play.sbt.run.PlayReload$.compile(PlayReload.scala:17)
	at play.sbt.run.PlayRun$$anonfun$playRunTask$1$$anonfun$apply$2$$anonfun$apply$3$$anonfun$2.apply(PlayRun.scala:61)
	at play.sbt.run.PlayRun$$anonfun$playRunTask$1$$anonfun$apply$2$$anonfun$apply$3$$anonfun$2.apply(PlayRun.scala:61)
	at play.runsupport.Reloader$$anonfun$reload$1.apply(Reloader.scala:339)
	at play.runsupport.Reloader$$anon$3.run(Reloader.scala:44)
	at java.security.AccessController.doPrivileged(Native Method)
	at play.runsupport.Reloader$.play$runsupport$Reloader$$withReloaderContextClassLoader(Reloader.scala:40)
	at play.runsupport.Reloader.reload(Reloader.scala:337)
	at play.core.server.DevServerStart$$anonfun$mainDev$1$$anon$1$$anonfun$get$1.apply(DevServerStart.scala:123)
	at play.core.server.DevServerStart$$anonfun$mainDev$1$$anon$1$$anonfun$get$1.apply(DevServerStart.scala:121)
	at scala.concurrent.impl.Future$PromiseCompletingRunnable.liftedTree1$1(Future.scala:24)
	at scala.concurrent.impl.Future$PromiseCompletingRunnable.run(Future.scala:24)
	at akka.dispatch.TaskInvocation.run(AbstractDispatcher.scala:39)
	at akka.dispatch.ForkJoinExecutorConfigurator$AkkaForkJoinTask.exec(AbstractDispatcher.scala:415)
	at scala.concurrent.forkjoin.ForkJoinTask.doExec(ForkJoinTask.java:260)
	at scala.concurrent.forkjoin.ForkJoinPool$WorkQueue.runTask(ForkJoinPool.java:1339)
	at scala.concurrent.forkjoin.ForkJoinPool.runWorker(ForkJoinPool.java:1979)
	at scala.concurrent.forkjoin.ForkJoinWorkerThread.run(ForkJoinWorkerThread.java:107)
2017-04-29 11:55:51,244 [INFO] from application in application-akka.actor.default-dispatcher-6 - Shutting down connection pool.
2017-04-29 11:55:51,344 [WARN] from application in application-akka.actor.default-dispatcher-6 - application.conf @ file:/Users/toshitpanigrahi/testing_play/streammonitor/target/scala-2.11/classes/application.conf: 6: user is deprecated, use username instead
2017-04-29 11:55:51,344 [INFO] from application in application-akka.actor.default-dispatcher-6 - Creating Pool for datasource 'default'
2017-04-29 11:55:51,362 [INFO] from play.api.db.DefaultDBApi in application-akka.actor.default-dispatcher-6 - Database [default] connected at jdbc:mysql://localhost/stream_monitor?characterEncoding=UTF-8
2017-04-29 11:55:51,424 [INFO] from play.api.Play in application-akka.actor.default-dispatcher-6 - Application started (Dev)
2017-04-29 12:00:24,458 [INFO] from application in application-akka.actor.default-dispatcher-10 - Shutting down connection pool.
2017-04-29 12:00:24,558 [WARN] from application in application-akka.actor.default-dispatcher-10 - application.conf @ file:/Users/toshitpanigrahi/testing_play/streammonitor/target/scala-2.11/classes/application.conf: 6: user is deprecated, use username instead
2017-04-29 12:00:24,558 [INFO] from application in application-akka.actor.default-dispatcher-10 - Creating Pool for datasource 'default'
2017-04-29 12:00:24,576 [INFO] from play.api.db.DefaultDBApi in application-akka.actor.default-dispatcher-10 - Database [default] connected at jdbc:mysql://localhost/stream_monitor?characterEncoding=UTF-8
2017-04-29 12:00:24,638 [INFO] from play.api.Play in application-akka.actor.default-dispatcher-10 - Application started (Dev)
2017-04-29 12:06:39,890 [INFO] from application in application-akka.actor.default-dispatcher-18 - Shutting down connection pool.
2017-04-29 12:06:40,000 [WARN] from application in application-akka.actor.default-dispatcher-18 - application.conf @ file:/Users/toshitpanigrahi/testing_play/streammonitor/target/scala-2.11/classes/application.conf: 6: user is deprecated, use username instead
2017-04-29 12:06:40,000 [INFO] from application in application-akka.actor.default-dispatcher-18 - Creating Pool for datasource 'default'
2017-04-29 12:06:40,017 [INFO] from play.api.db.DefaultDBApi in application-akka.actor.default-dispatcher-18 - Database [default] connected at jdbc:mysql://localhost/stream_monitor?characterEncoding=UTF-8
2017-04-29 12:06:40,109 [INFO] from play.api.Play in application-akka.actor.default-dispatcher-18 - Application started (Dev)
2017-04-29 12:08:55,411 [INFO] from application in application-akka.actor.default-dispatcher-3 - Shutting down connection pool.
2017-04-29 12:08:55,541 [WARN] from application in application-akka.actor.default-dispatcher-3 - application.conf @ file:/Users/toshitpanigrahi/testing_play/streammonitor/target/scala-2.11/classes/application.conf: 6: user is deprecated, use username instead
2017-04-29 12:08:55,541 [INFO] from application in application-akka.actor.default-dispatcher-3 - Creating Pool for datasource 'default'
2017-04-29 12:08:55,557 [INFO] from play.api.db.DefaultDBApi in application-akka.actor.default-dispatcher-3 - Database [default] connected at jdbc:mysql://localhost/stream_monitor?characterEncoding=UTF-8
2017-04-29 12:08:55,631 [INFO] from play.api.Play in application-akka.actor.default-dispatcher-3 - Application started (Dev)
2017-04-29 12:11:49,164 [INFO] from application in application-akka.actor.default-dispatcher-2 - Shutting down connection pool.
2017-04-29 12:11:49,253 [WARN] from application in application-akka.actor.default-dispatcher-2 - application.conf @ file:/Users/toshitpanigrahi/testing_play/streammonitor/target/scala-2.11/classes/application.conf: 6: user is deprecated, use username instead
2017-04-29 12:11:49,254 [INFO] from application in application-akka.actor.default-dispatcher-2 - Creating Pool for datasource 'default'
2017-04-29 12:11:49,270 [INFO] from play.api.db.DefaultDBApi in application-akka.actor.default-dispatcher-2 - Database [default] connected at jdbc:mysql://localhost/stream_monitor?characterEncoding=UTF-8
2017-04-29 12:11:49,332 [INFO] from play.api.Play in application-akka.actor.default-dispatcher-2 - Application started (Dev)
2017-04-29 12:19:57,415 [WARN] from com.zaxxer.hikari.pool.HikariPool in HikariPool-8 housekeeper - HikariPool-8 - Thread starvation or clock leap detected (housekeeper delta=6m38s46ms).
2017-04-29 12:35:38,750 [WARN] from com.zaxxer.hikari.pool.HikariPool in HikariPool-8 housekeeper - HikariPool-8 - Thread starvation or clock leap detected (housekeeper delta=15m41s334ms).
2017-04-29 12:37:54,002 [WARN] from com.zaxxer.hikari.pool.HikariPool in HikariPool-8 housekeeper - HikariPool-8 - Thread starvation or clock leap detected (housekeeper delta=1m45s252ms).
2017-04-29 12:46:38,721 [INFO] from application in application-akka.actor.default-dispatcher-6 - Shutting down connection pool.
2017-04-29 12:46:38,799 [WARN] from application in application-akka.actor.default-dispatcher-6 - application.conf @ file:/Users/toshitpanigrahi/testing_play/streammonitor/target/scala-2.11/classes/application.conf: 6: user is deprecated, use username instead
2017-04-29 12:46:38,799 [INFO] from application in application-akka.actor.default-dispatcher-6 - Creating Pool for datasource 'default'
2017-04-29 12:46:38,818 [INFO] from play.api.db.DefaultDBApi in application-akka.actor.default-dispatcher-6 - Database [default] connected at jdbc:mysql://localhost/stream_monitor?characterEncoding=UTF-8
2017-04-29 12:46:38,875 [INFO] from play.api.Play in application-akka.actor.default-dispatcher-6 - Application started (Dev)
2017-04-29 12:48:44,353 [INFO] from application in application-akka.actor.default-dispatcher-7 - Shutting down connection pool.
2017-04-29 12:48:44,450 [WARN] from application in application-akka.actor.default-dispatcher-7 - application.conf @ file:/Users/toshitpanigrahi/testing_play/streammonitor/target/scala-2.11/classes/application.conf: 6: user is deprecated, use username instead
2017-04-29 12:48:44,450 [INFO] from application in application-akka.actor.default-dispatcher-7 - Creating Pool for datasource 'default'
2017-04-29 12:48:44,464 [INFO] from play.api.db.DefaultDBApi in application-akka.actor.default-dispatcher-7 - Database [default] connected at jdbc:mysql://localhost/stream_monitor?characterEncoding=UTF-8
2017-04-29 12:48:44,525 [INFO] from play.api.Play in application-akka.actor.default-dispatcher-7 - Application started (Dev)
2017-04-29 12:50:01,400 [INFO] from application in application-akka.actor.default-dispatcher-4 - Shutting down connection pool.
2017-04-29 12:50:01,474 [WARN] from application in application-akka.actor.default-dispatcher-4 - application.conf @ file:/Users/toshitpanigrahi/testing_play/streammonitor/target/scala-2.11/classes/application.conf: 6: user is deprecated, use username instead
2017-04-29 12:50:01,474 [INFO] from application in application-akka.actor.default-dispatcher-4 - Creating Pool for datasource 'default'
2017-04-29 12:50:01,492 [INFO] from play.api.db.DefaultDBApi in application-akka.actor.default-dispatcher-4 - Database [default] connected at jdbc:mysql://localhost/stream_monitor?characterEncoding=UTF-8
2017-04-29 12:50:01,559 [INFO] from play.api.Play in application-akka.actor.default-dispatcher-4 - Application started (Dev)
2017-04-29 12:51:10,867 [INFO] from application in application-akka.actor.default-dispatcher-3 - Shutting down connection pool.
2017-04-29 12:51:10,969 [WARN] from application in application-akka.actor.default-dispatcher-3 - application.conf @ file:/Users/toshitpanigrahi/testing_play/streammonitor/target/scala-2.11/classes/application.conf: 6: user is deprecated, use username instead
2017-04-29 12:51:10,969 [INFO] from application in application-akka.actor.default-dispatcher-3 - Creating Pool for datasource 'default'
2017-04-29 12:51:10,985 [INFO] from play.api.db.DefaultDBApi in application-akka.actor.default-dispatcher-3 - Database [default] connected at jdbc:mysql://localhost/stream_monitor?characterEncoding=UTF-8
2017-04-29 12:51:11,052 [INFO] from play.api.Play in application-akka.actor.default-dispatcher-3 - Application started (Dev)
2017-04-29 12:58:00,553 [INFO] from application in application-akka.actor.default-dispatcher-3 - Shutting down connection pool.
2017-04-29 12:58:00,633 [WARN] from application in application-akka.actor.default-dispatcher-3 - application.conf @ file:/Users/toshitpanigrahi/testing_play/streammonitor/target/scala-2.11/classes/application.conf: 6: user is deprecated, use username instead
2017-04-29 12:58:00,633 [INFO] from application in application-akka.actor.default-dispatcher-3 - Creating Pool for datasource 'default'
2017-04-29 12:58:00,645 [INFO] from play.api.db.DefaultDBApi in application-akka.actor.default-dispatcher-3 - Database [default] connected at jdbc:mysql://localhost/stream_monitor?characterEncoding=UTF-8
2017-04-29 12:58:00,700 [INFO] from play.api.Play in application-akka.actor.default-dispatcher-3 - Application started (Dev)
2017-04-29 13:15:10,128 [INFO] from application in application-akka.actor.default-dispatcher-13 - Shutting down connection pool.
2017-04-29 13:15:10,390 [WARN] from application in application-akka.actor.default-dispatcher-13 - application.conf @ file:/Users/toshitpanigrahi/testing_play/streammonitor/target/scala-2.11/classes/application.conf: 6: user is deprecated, use username instead
2017-04-29 13:15:10,390 [INFO] from application in application-akka.actor.default-dispatcher-13 - Creating Pool for datasource 'default'
2017-04-29 13:15:10,507 [INFO] from play.api.db.DefaultDBApi in application-akka.actor.default-dispatcher-13 - Database [default] connected at jdbc:mysql://localhost/stream_monitor?characterEncoding=UTF-8
2017-04-29 13:15:10,682 [INFO] from play.api.Play in application-akka.actor.default-dispatcher-13 - Application started (Dev)
2017-04-29 13:21:53,854 [WARN] from com.zaxxer.hikari.pool.HikariPool in HikariPool-14 housekeeper - HikariPool-14 - Thread starvation or clock leap detected (housekeeper delta=4m13s327ms).
2017-04-29 13:24:49,643 [INFO] from application in application-akka.actor.default-dispatcher-3 - Shutting down connection pool.
2017-04-29 13:24:49,766 [WARN] from application in application-akka.actor.default-dispatcher-3 - application.conf @ file:/Users/toshitpanigrahi/testing_play/streammonitor/target/scala-2.11/classes/application.conf: 6: user is deprecated, use username instead
2017-04-29 13:24:49,766 [INFO] from application in application-akka.actor.default-dispatcher-3 - Creating Pool for datasource 'default'
2017-04-29 13:24:49,786 [INFO] from play.api.db.DefaultDBApi in application-akka.actor.default-dispatcher-3 - Database [default] connected at jdbc:mysql://localhost/stream_monitor?characterEncoding=UTF-8
2017-04-29 13:24:49,878 [INFO] from play.api.Play in application-akka.actor.default-dispatcher-3 - Application started (Dev)
2017-04-29 13:33:57,430 [INFO] from application in application-akka.actor.default-dispatcher-8 - Shutting down connection pool.
2017-04-29 13:33:57,523 [WARN] from application in application-akka.actor.default-dispatcher-8 - application.conf @ file:/Users/toshitpanigrahi/testing_play/streammonitor/target/scala-2.11/classes/application.conf: 6: user is deprecated, use username instead
2017-04-29 13:33:57,524 [INFO] from application in application-akka.actor.default-dispatcher-8 - Creating Pool for datasource 'default'
2017-04-29 13:33:57,539 [INFO] from play.api.db.DefaultDBApi in application-akka.actor.default-dispatcher-8 - Database [default] connected at jdbc:mysql://localhost/stream_monitor?characterEncoding=UTF-8
2017-04-29 13:33:57,610 [INFO] from play.api.Play in application-akka.actor.default-dispatcher-8 - Application started (Dev)
2017-04-29 13:35:36,012 [INFO] from application in application-akka.actor.default-dispatcher-3 - Shutting down connection pool.
2017-04-29 13:35:36,083 [WARN] from application in application-akka.actor.default-dispatcher-3 - application.conf @ file:/Users/toshitpanigrahi/testing_play/streammonitor/target/scala-2.11/classes/application.conf: 6: user is deprecated, use username instead
2017-04-29 13:35:36,083 [INFO] from application in application-akka.actor.default-dispatcher-3 - Creating Pool for datasource 'default'
2017-04-29 13:35:36,101 [INFO] from play.api.db.DefaultDBApi in application-akka.actor.default-dispatcher-3 - Database [default] connected at jdbc:mysql://localhost/stream_monitor?characterEncoding=UTF-8
2017-04-29 13:35:36,159 [INFO] from play.api.Play in application-akka.actor.default-dispatcher-3 - Application started (Dev)
2017-04-29 13:39:05,584 [INFO] from application in application-akka.actor.default-dispatcher-4 - Shutting down connection pool.
2017-04-29 13:39:05,641 [WARN] from application in application-akka.actor.default-dispatcher-4 - application.conf @ file:/Users/toshitpanigrahi/testing_play/streammonitor/target/scala-2.11/classes/application.conf: 6: user is deprecated, use username instead
2017-04-29 13:39:05,641 [INFO] from application in application-akka.actor.default-dispatcher-4 - Creating Pool for datasource 'default'
2017-04-29 13:39:05,653 [INFO] from play.api.db.DefaultDBApi in application-akka.actor.default-dispatcher-4 - Database [default] connected at jdbc:mysql://localhost/stream_monitor?characterEncoding=UTF-8
2017-04-29 13:39:05,696 [INFO] from play.api.Play in application-akka.actor.default-dispatcher-4 - Application started (Dev)
2017-04-29 13:46:17,143 [INFO] from application in application-akka.actor.default-dispatcher-4 - Shutting down connection pool.
2017-04-29 13:46:17,282 [WARN] from application in application-akka.actor.default-dispatcher-4 - application.conf @ file:/Users/toshitpanigrahi/testing_play/streammonitor/target/scala-2.11/classes/application.conf: 6: user is deprecated, use username instead
2017-04-29 13:46:17,282 [INFO] from application in application-akka.actor.default-dispatcher-4 - Creating Pool for datasource 'default'
2017-04-29 13:46:17,300 [INFO] from play.api.db.DefaultDBApi in application-akka.actor.default-dispatcher-4 - Database [default] connected at jdbc:mysql://localhost/stream_monitor?characterEncoding=UTF-8
2017-04-29 13:46:17,410 [INFO] from play.api.Play in application-akka.actor.default-dispatcher-4 - Application started (Dev)
2017-04-29 13:53:13,987 [INFO] from application in application-akka.actor.default-dispatcher-4 - Shutting down connection pool.
2017-04-29 13:53:14,050 [WARN] from application in application-akka.actor.default-dispatcher-4 - application.conf @ file:/Users/toshitpanigrahi/testing_play/streammonitor/target/scala-2.11/classes/application.conf: 6: user is deprecated, use username instead
2017-04-29 13:53:14,050 [INFO] from application in application-akka.actor.default-dispatcher-4 - Creating Pool for datasource 'default'
2017-04-29 13:53:14,087 [INFO] from play.api.db.DefaultDBApi in application-akka.actor.default-dispatcher-4 - Database [default] connected at jdbc:mysql://localhost/stream_monitor?characterEncoding=UTF-8
2017-04-29 13:53:14,135 [INFO] from play.api.Play in application-akka.actor.default-dispatcher-4 - Application started (Dev)
2017-04-29 14:17:39,085 [WARN] from com.zaxxer.hikari.pool.HikariPool in HikariPool-20 housekeeper - HikariPool-20 - Thread starvation or clock leap detected (housekeeper delta=6m54s805ms).
2017-04-29 14:51:58,702 [WARN] from com.zaxxer.hikari.pool.HikariPool in HikariPool-20 housekeeper - HikariPool-20 - Thread starvation or clock leap detected (housekeeper delta=2m48s753ms).
2017-04-29 14:56:16,637 [INFO] from application in application-akka.actor.default-dispatcher-8 - Shutting down connection pool.
2017-04-29 14:56:16,752 [WARN] from application in application-akka.actor.default-dispatcher-8 - application.conf @ file:/Users/toshitpanigrahi/testing_play/streammonitor/target/scala-2.11/classes/application.conf: 6: user is deprecated, use username instead
2017-04-29 14:56:16,752 [INFO] from application in application-akka.actor.default-dispatcher-8 - Creating Pool for datasource 'default'
2017-04-29 14:56:16,769 [INFO] from play.api.db.DefaultDBApi in application-akka.actor.default-dispatcher-8 - Database [default] connected at jdbc:mysql://localhost/stream_monitor?characterEncoding=UTF-8
2017-04-29 14:56:16,843 [INFO] from play.api.Play in application-akka.actor.default-dispatcher-8 - Application started (Dev)
2017-04-29 15:38:28,327 [INFO] from application in application-akka.actor.default-dispatcher-10 - Shutting down connection pool.
2017-04-29 15:38:28,422 [WARN] from application in application-akka.actor.default-dispatcher-10 - application.conf @ file:/Users/toshitpanigrahi/testing_play/streammonitor/target/scala-2.11/classes/application.conf: 6: user is deprecated, use username instead
2017-04-29 15:38:28,422 [INFO] from application in application-akka.actor.default-dispatcher-10 - Creating Pool for datasource 'default'
2017-04-29 15:38:28,435 [INFO] from play.api.db.DefaultDBApi in application-akka.actor.default-dispatcher-10 - Database [default] connected at jdbc:mysql://localhost/stream_monitor?characterEncoding=UTF-8
2017-04-29 15:38:28,491 [INFO] from play.api.Play in application-akka.actor.default-dispatcher-10 - Application started (Dev)
2017-04-29 15:57:04,861 [WARN] from com.zaxxer.hikari.pool.HikariPool in HikariPool-22 housekeeper - HikariPool-22 - Thread starvation or clock leap detected (housekeeper delta=8m35s952ms).
2017-04-29 16:05:59,753 [WARN] from com.zaxxer.hikari.pool.HikariPool in HikariPool-22 housekeeper - HikariPool-22 - Thread starvation or clock leap detected (housekeeper delta=7m24s890ms).
2017-04-29 16:08:26,276 [INFO] from application in application-akka.actor.default-dispatcher-3 - Shutting down connection pool.
2017-04-29 16:08:26,342 [WARN] from application in application-akka.actor.default-dispatcher-3 - application.conf @ file:/Users/toshitpanigrahi/testing_play/streammonitor/target/scala-2.11/classes/application.conf: 6: user is deprecated, use username instead
2017-04-29 16:08:26,342 [INFO] from application in application-akka.actor.default-dispatcher-3 - Creating Pool for datasource 'default'
2017-04-29 16:08:26,363 [INFO] from play.api.db.DefaultDBApi in application-akka.actor.default-dispatcher-3 - Database [default] connected at jdbc:mysql://localhost/stream_monitor?characterEncoding=UTF-8
2017-04-29 16:08:26,419 [INFO] from play.api.Play in application-akka.actor.default-dispatcher-3 - Application started (Dev)
2017-04-29 16:09:35,663 [INFO] from application in application-akka.actor.default-dispatcher-3 - Shutting down connection pool.
2017-04-29 16:09:35,723 [WARN] from application in application-akka.actor.default-dispatcher-3 - application.conf @ file:/Users/toshitpanigrahi/testing_play/streammonitor/target/scala-2.11/classes/application.conf: 6: user is deprecated, use username instead
2017-04-29 16:09:35,723 [INFO] from application in application-akka.actor.default-dispatcher-3 - Creating Pool for datasource 'default'
2017-04-29 16:09:35,734 [INFO] from play.api.db.DefaultDBApi in application-akka.actor.default-dispatcher-3 - Database [default] connected at jdbc:mysql://localhost/stream_monitor?characterEncoding=UTF-8
2017-04-29 16:09:35,770 [INFO] from play.api.Play in application-akka.actor.default-dispatcher-3 - Application started (Dev)
2017-04-29 16:10:39,477 [INFO] from application in application-akka.actor.default-dispatcher-6 - Shutting down connection pool.
2017-04-29 16:10:39,536 [WARN] from application in application-akka.actor.default-dispatcher-6 - application.conf @ file:/Users/toshitpanigrahi/testing_play/streammonitor/target/scala-2.11/classes/application.conf: 6: user is deprecated, use username instead
2017-04-29 16:10:39,537 [INFO] from application in application-akka.actor.default-dispatcher-6 - Creating Pool for datasource 'default'
2017-04-29 16:10:39,551 [INFO] from play.api.db.DefaultDBApi in application-akka.actor.default-dispatcher-6 - Database [default] connected at jdbc:mysql://localhost/stream_monitor?characterEncoding=UTF-8
2017-04-29 16:10:39,600 [INFO] from play.api.Play in application-akka.actor.default-dispatcher-6 - Application started (Dev)
